<?xml version="1.0" encoding="UTF-8"?>
<!-- Generated by org.testng.reporters.JUnitReportReporter -->
<testsuite hostname="DESKTOP-R5545K" failures="0" tests="1" name="com.qa.tests.LoginTests" time="12.052" errors="0" timestamp="2023-03-02T10:47:09 IST" skipped="0">
  <testcase classname="com.qa.tests.LoginTests" name="TC01_VerifyTheLoginWithValidCredentials" time="12.052"/>
  <system-out/>
</testsuite> <!-- com.qa.tests.LoginTests -->
